<?xml version="1.0" encoding="UTF-8"?>
<testsuite xmlns:xsi="http://www.w3.org/2001/XMLSchema-instance" xsi:noNamespaceSchemaLocation="https://maven.apache.org/surefire/maven-surefire-plugin/xsd/surefire-test-report.xsd" version="3.0.2" name="com.example.demo.TicketSpringSsrApplicationTests" time="5.689" tests="1" errors="0" skipped="0" failures="0">
  <properties>
[...]
</properties>
  <testcase name="contextLoads" classname="com.example.demo.TicketSpringSsrApplicationTests" time="0.454">
    <system-out><![CDATA[22:22:39.617 [main] INFO org.springframework.test.context.support.AnnotationConfigContextLoaderUtils -- Could not detect default configuration classes for test class [com.example.demo.TicketSpringSsrApplicationTests]: TicketSpringSsrApplicationTests does not declare any static, non-private, non-final, nested classes annotated with @Configuration.
22:22:39.707 [main] INFO org.springframework.boot.test.context.SpringBootTestContextBootstrapper -- Found @SpringBootConfiguration com.example.demo.TicketSpringSsrApplication for test class com.example.demo.TicketSpringSsrApplicationTests

  .   ____          _            __ _ _
 /\\ / ___'_ __ _ _(_)_ __  __ _ \ \ \ \
( ( )\___ | '_ | '_| | '_ \/ _` | \ \ \ \
 \\/  ___)| |_)| | | | | || (_| |  ) ) ) )
  '  |____| .__|_| |_|_| |_\__, | / / / /
 =========|_|==============|___/=/_/_/_/

 :: Spring Boot ::                (v3.4.1)

2025-01-12T22:22:40.053+08:00  WARN 9076 --- [ticket-spring-ssr] [           main] ory$DuplicateJsonObjectContextCustomizer : 

Found multiple occurrences of org.json.JSONObject on the class path:

	jar:file:/C:/Users/user/.m2/repository/com/vaadin/external/google/android-json/0.0.20131108.vaadin1/android-json-0.0.20131108.vaadin1.jar!/org/json/JSONObject.class
	jar:file:/C:/Users/user/.m2/repository/org/json/json/20240303/json-20240303.jar!/org/json/JSONObject.class

You may wish to exclude one of them to ensure predictable runtime behavior

2025-01-12T22:22:40.069+08:00  INFO 9076 --- [ticket-spring-ssr] [           main] c.e.d.TicketSpringSsrApplicationTests    : Starting TicketSpringSsrApplicationTests using Java 21.0.5 with PID 9076 (started by user in E:\JavaWeb\ticket-spring-ssr)
2025-01-12T22:22:40.070+08:00  INFO 9076 --- [ticket-spring-ssr] [           main] c.e.d.TicketSpringSsrApplicationTests    : No active profile set, falling back to 1 default profile: "default"
2025-01-12T22:22:40.602+08:00  INFO 9076 --- [ticket-spring-ssr] [           main] .s.d.r.c.RepositoryConfigurationDelegate : Bootstrapping Spring Data JPA repositories in DEFAULT mode.
2025-01-12T22:22:40.658+08:00  INFO 9076 --- [ticket-spring-ssr] [           main] .s.d.r.c.RepositoryConfigurationDelegate : Finished Spring Data repository scanning in 45 ms. Found 1 JPA repository interface.
2025-01-12T22:22:41.254+08:00  INFO 9076 --- [ticket-spring-ssr] [           main] o.hibernate.jpa.internal.util.LogHelper  : HHH000204: Processing PersistenceUnitInfo [name: default]
2025-01-12T22:22:41.321+08:00  INFO 9076 --- [ticket-spring-ssr] [           main] org.hibernate.Version                    : HHH000412: Hibernate ORM core version 6.6.4.Final
2025-01-12T22:22:41.350+08:00  INFO 9076 --- [ticket-spring-ssr] [           main] o.h.c.internal.RegionFactoryInitiator    : HHH000026: Second-level cache disabled
2025-01-12T22:22:41.716+08:00  INFO 9076 --- [ticket-spring-ssr] [           main] o.s.o.j.p.SpringPersistenceUnitInfo      : No LoadTimeWeaver setup: ignoring JPA class transformer
2025-01-12T22:22:41.751+08:00  INFO 9076 --- [ticket-spring-ssr] [           main] com.zaxxer.hikari.HikariDataSource       : HikariPool-1 - Starting...
2025-01-12T22:22:41.903+08:00  INFO 9076 --- [ticket-spring-ssr] [           main] com.zaxxer.hikari.pool.HikariPool        : HikariPool-1 - Added connection com.mysql.cj.jdbc.ConnectionImpl@22aefae0
2025-01-12T22:22:41.905+08:00  INFO 9076 --- [ticket-spring-ssr] [           main] com.zaxxer.hikari.HikariDataSource       : HikariPool-1 - Start completed.
2025-01-12T22:22:41.964+08:00  INFO 9076 --- [ticket-spring-ssr] [           main] org.hibernate.orm.connections.pooling    : HHH10001005: Database info:
	Database JDBC URL [Connecting through datasource 'HikariDataSource (HikariPool-1)']
	Database driver: undefined/unknown
	Database version: 8.0.34
	Autocommit mode: undefined/unknown
	Isolation level: undefined/unknown
	Minimum pool size: undefined/unknown
	Maximum pool size: undefined/unknown
2025-01-12T22:22:42.477+08:00  INFO 9076 --- [ticket-spring-ssr] [           main] o.h.e.t.j.p.i.JtaPlatformInitiator       : HHH000489: No JTA platform available (set 'hibernate.transaction.jta.platform' to enable JTA platform integration)
2025-01-12T22:22:42.508+08:00  INFO 9076 --- [ticket-spring-ssr] [           main] j.LocalContainerEntityManagerFactoryBean : Initialized JPA EntityManagerFactory for persistence unit 'default'
2025-01-12T22:22:43.037+08:00  INFO 9076 --- [ticket-spring-ssr] [           main] o.s.d.j.r.query.QueryEnhancerFactory     : Hibernate is in classpath; If applicable, HQL parser will be used.
2025-01-12T22:22:43.903+08:00  WARN 9076 --- [ticket-spring-ssr] [           main] JpaBaseConfiguration$JpaWebConfiguration : spring.jpa.open-in-view is enabled by default. Therefore, database queries may be performed during view rendering. Explicitly configure spring.jpa.open-in-view to disable this warning
2025-01-12T22:22:43.944+08:00  INFO 9076 --- [ticket-spring-ssr] [           main] o.s.b.a.w.s.WelcomePageHandlerMapping    : Adding welcome page: class path resource [static/index.html]
2025-01-12T22:22:44.674+08:00  INFO 9076 --- [ticket-spring-ssr] [           main] c.e.d.TicketSpringSsrApplicationTests    : Started TicketSpringSsrApplicationTests in 4.853 seconds (process running for 5.652)
]]></system-out>
    <system-err><![CDATA[SLF4J(W): Class path contains multiple SLF4J providers.
SLF4J(W): Found provider [ch.qos.logback.classic.spi.LogbackServiceProvider@43c1b556]
SLF4J(W): Found provider [org.slf4j.simple.SimpleServiceProvider@587e5365]
SLF4J(W): See https://www.slf4j.org/codes.html#multiple_bindings for an explanation.
SLF4J(I): Actual provider is of type [ch.qos.logback.classic.spi.LogbackServiceProvider@43c1b556]
Mockito is currently self-attaching to enable the inline-mock-maker. This will no longer work in future releases of the JDK. Please add Mockito as an agent to your build what is described in Mockito's documentation: https://javadoc.io/doc/org.mockito/mockito-core/latest/org/mockito/Mockito.html#0.3
WARNING: A Java agent has been loaded dynamically (C:\Users\user\.m2\repository\net\bytebuddy\byte-buddy-agent\1.15.11\byte-buddy-agent-1.15.11.jar)
WARNING: If a serviceability tool is in use, please run with -XX:+EnableDynamicAgentLoading to hide this warning
WARNING: If a serviceability tool is not in use, please run with -Djdk.instrument.traceUsage for more information
WARNING: Dynamic loading of agents will be disallowed by default in a future release
]]></system-err>
  </testcase>
</testsuite>